#
# There is insufficient memory for the Java Runtime Environment to continue.
# Native memory allocation (malloc) failed to allocate 1048576 bytes for AllocateHeap
# Possible reasons:
#   The system is out of physical RAM or swap space
#   In 32 bit mode, the process size limit was hit
# Possible solutions:
#   Reduce memory load on the system
#   Increase physical memory or swap space
#   Check if swap backing store is full
#   Use 64 bit Java on a 64 bit OS
#   Decrease Java heap size (-Xmx/-Xms)
#   Decrease number of Java threads
#   Decrease Java thread stack sizes (-Xss)
#   Set larger code cache with -XX:ReservedCodeCacheSize=
# This output file may be truncated or incomplete.
#
#  Out of Memory Error (memory/allocation.inline.hpp:61), pid=12636, tid=0x0000000000006628
#
# JRE version:  (8.0_151-b12) (build )
# Java VM: Java HotSpot(TM) 64-Bit Server VM (25.151-b12 mixed mode windows-amd64 compressed oops)
# Failed to write core dump. Minidumps are not enabled by default on client versions of Windows
#

---------------  T H R E A D  ---------------

Current thread (0x000000000420e800):  JavaThread "Unknown thread" [_thread_in_vm, id=26152, stack(0x00000000040e0000,0x00000000041e0000)]

Stack: [0x00000000040e0000,0x00000000041e0000]
[error occurred during error reporting (printing stack bounds), id 0xc0000005]

Native frames: (J=compiled Java code, j=interpreted, Vv=VM code, C=native code)


---------------  P R O C E S S  ---------------

Java Threads: ( => current thread )

Other Threads:

=>0x000000000420e800 (exited) JavaThread "Unknown thread" [_thread_in_vm, id=26152, stack(0x00000000040e0000,0x00000000041e0000)]

VM state:not at safepoint (normal execution)

VM Mutex/Monitor currently owned by a thread: None

Heap:
 PSYoungGen      total 37888K, used 655K [0x00000000d6300000, 0x00000000d8d00000, 0x0000000100000000)
  eden space 32768K, 2% used [0x00000000d6300000,0x00000000d63a3d80,0x00000000d8300000)
  from space 5120K, 0% used [0x00000000d8800000,0x00000000d8800000,0x00000000d8d00000)
  to   space 5120K, 0% used [0x00000000d8300000,0x00000000d8300000,0x00000000d8800000)
 ParOldGen       total 86016K, used 0K [0x0000000082800000, 0x0000000087c00000, 0x00000000d6300000)
  object space 86016K, 0% used [0x0000000082800000,0x0000000082800000,0x0000000087c00000)
 Metaspace       used 746K, capacity 4480K, committed 4480K, reserved 1056768K
  class space    used 75K, capacity 384K, committed 384K, reserved 1048576K

Card table byte_map: [0x0000000013780000,0x0000000013b70000] byte_map_base: 0x000000001336c000

Marking Bits: (ParMarkBitMap*) 0x00000000591ed850
 Begin Bits: [0x0000000014210000, 0x0000000016170000)
 End Bits:   [0x0000000016170000, 0x00000000180d0000)

Polling page: 0x0000000002920000

CodeCache: size=245760Kb used=328Kb max_used=328Kb free=245431Kb
 bounds [0x00000000043c0000, 0x0000000004630000, 0x00000000133c0000]
 total_blobs=58 nmethods=0 adapters=38
 compilation: enabled

Compilation events (0 events):
No events

GC Heap History (0 events):
No events

Deoptimization events (0 events):
No events

Internal exceptions (0 events):
No events

Events (10 events):
Event: 0.108 loading class java/lang/Short
Event: 0.108 loading class java/lang/Short done
Event: 0.108 loading class java/lang/Integer
Event: 0.108 loading class java/lang/Integer done
Event: 0.108 loading class java/lang/Long
Event: 0.108 loading class java/lang/Long done
Event: 0.110 loading class java/lang/NullPointerException
Event: 0.110 loading class java/lang/NullPointerException done
Event: 0.110 loading class java/lang/ArithmeticException
Event: 0.110 loading class java/lang/ArithmeticException done


Dynamic libraries:
0x00007ff670ee0000 - 0x00007ff670f17000 	C:\Java\jre1.8.0_151\bin\javaw.exe
0x00007ffcb4840000 - 0x00007ffcb4a20000 	C:\WINDOWS\SYSTEM32\ntdll.dll
0x00007ffcb1d70000 - 0x00007ffcb1e1e000 	C:\WINDOWS\System32\KERNEL32.DLL
0x00007ffcb0f80000 - 0x00007ffcb11e6000 	C:\WINDOWS\System32\KERNELBASE.dll
0x00007ffcb3c40000 - 0x00007ffcb3ce1000 	C:\WINDOWS\System32\ADVAPI32.dll
0x00007ffcb3b90000 - 0x00007ffcb3c2d000 	C:\WINDOWS\System32\msvcrt.dll
0x00007ffcb1d10000 - 0x00007ffcb1d6b000 	C:\WINDOWS\System32\sechost.dll
0x00007ffcb3650000 - 0x00007ffcb376f000 	C:\WINDOWS\System32\RPCRT4.dll
0x00007ffcb3260000 - 0x00007ffcb33ef000 	C:\WINDOWS\System32\USER32.dll
0x00007ffcb0e90000 - 0x00007ffcb0eb0000 	C:\WINDOWS\System32\win32u.dll
0x00007ffcb3cf0000 - 0x00007ffcb3d18000 	C:\WINDOWS\System32\GDI32.dll
0x00007ffcb0c40000 - 0x00007ffcb0dd3000 	C:\WINDOWS\System32\gdi32full.dll
0x00007ffcb1940000 - 0x00007ffcb19db000 	C:\WINDOWS\System32\msvcp_win.dll
0x00007ffcb1a40000 - 0x00007ffcb1b36000 	C:\WINDOWS\System32\ucrtbase.dll
0x00007ffca4760000 - 0x00007ffca49c9000 	C:\WINDOWS\WinSxS\amd64_microsoft.windows.common-controls_6595b64144ccf1df_6.0.16299.431_none_15c7d3ee93659e73\COMCTL32.dll
0x00007ffcb4460000 - 0x00007ffcb4768000 	C:\WINDOWS\System32\combase.dll
0x00007ffcb0f00000 - 0x00007ffcb0f72000 	C:\WINDOWS\System32\bcryptPrimitives.dll
0x00007ffcb3920000 - 0x00007ffcb394d000 	C:\WINDOWS\System32\IMM32.DLL
0x0000000058520000 - 0x00000000585f2000 	C:\Java\jre1.8.0_151\bin\msvcr100.dll
0x00000000589d0000 - 0x000000005926d000 	C:\Java\jre1.8.0_151\bin\server\jvm.dll
0x00007ffcb3d20000 - 0x00007ffcb3d28000 	C:\WINDOWS\System32\PSAPI.DLL
0x00007ffc9fcb0000 - 0x00007ffc9fcb9000 	C:\WINDOWS\SYSTEM32\WSOCK32.dll
0x00007ffcb3b20000 - 0x00007ffcb3b8c000 	C:\WINDOWS\System32\WS2_32.dll
0x00007ffcacdc0000 - 0x00007ffcacde3000 	C:\WINDOWS\SYSTEM32\WINMM.dll
0x00007ffca49e0000 - 0x00007ffca49ea000 	C:\WINDOWS\SYSTEM32\VERSION.dll
0x00007ffcacd60000 - 0x00007ffcacd8a000 	C:\WINDOWS\SYSTEM32\WINMMBASE.dll
0x00007ffcb0eb0000 - 0x00007ffcb0efa000 	C:\WINDOWS\System32\cfgmgr32.dll
0x00000000588e0000 - 0x00000000588ef000 	C:\Java\jre1.8.0_151\bin\verify.dll
0x00000000588b0000 - 0x00000000588d9000 	C:\Java\jre1.8.0_151\bin\java.dll
0x0000000058890000 - 0x00000000588a6000 	C:\Java\jre1.8.0_151\bin\zip.dll

VM Arguments:
jvm_args: -Dfile.encoding=Cp1252 
java_command: br.com.marcospcruz.gestorloja.App 1
java_class_path (initial): C:\Java\jre1.8.0_151\lib\resources.jar;C:\Java\jre1.8.0_151\lib\rt.jar;C:\Java\jre1.8.0_151\lib\jsse.jar;C:\Java\jre1.8.0_151\lib\jce.jar;C:\Java\jre1.8.0_151\lib\charsets.jar;C:\Java\jre1.8.0_151\lib\jfr.jar;C:\Java\jre1.8.0_151\lib\ext\access-bridge-64.jar;C:\Java\jre1.8.0_151\lib\ext\cldrdata.jar;C:\Java\jre1.8.0_151\lib\ext\dnsns.jar;C:\Java\jre1.8.0_151\lib\ext\jaccess.jar;C:\Java\jre1.8.0_151\lib\ext\jfxrt.jar;C:\Java\jre1.8.0_151\lib\ext\localedata.jar;C:\Java\jre1.8.0_151\lib\ext\nashorn.jar;C:\Java\jre1.8.0_151\lib\ext\sunec.jar;C:\Java\jre1.8.0_151\lib\ext\sunjce_provider.jar;C:\Java\jre1.8.0_151\lib\ext\sunmscapi.jar;C:\Java\jre1.8.0_151\lib\ext\sunpkcs11.jar;C:\Java\jre1.8.0_151\lib\ext\zipfs.jar;C:\Users\MarcosPereiradaCruz\eclipse-workspace\gestorloja\target\classes;C:\Users\MarcosPereiradaCruz\.m2\repository\org\xerial\sqlite-jdbc\3.20.1\sqlite-jdbc-3.20.1.jar;C:\Users\MarcosPereiradaCruz\.m2\repository\org\hibernate\common\hibernate-commons-annotations\4.0.2.Final\hibernate-commons-annotations-4.0.2.Final.jar;C:\Users\MarcosPereiradaCruz\.m2\repository\org\jboss\logging\jboss-logging\3.1.0.GA\jboss-logging-3.1.0.GA.jar;C:\Users\MarcosPereiradaCruz\.m2\repository\org\hibernate\hibernate-core\4.2.19.Final\hibernate-core-4.2.19.Final.jar;C:\Users\MarcosPereiradaCruz\.m2\repository\antlr\antlr\2.7.7\antlr-2.7.7.jar;C:\Users\MarcosPereiradaCruz\.m2\repository\dom4j\dom4j\1.6.1\dom4j-1.6.1.jar;C:\Users\MarcosPereiradaCruz\.m2\repository\org\javassist\javassist\3.18.1-GA\javassist-3.18.1-GA.jar;C:\Users\MarcosPereiradaCruz\.m2\repository\org\jboss\spec\javax\transaction\jboss-transaction-api_1.1_spec\1.0.1.Final\jboss-transaction-api_1.1_spec-1.0.1.Final.jar;C:\Users\MarcosPereiradaCruz\.m2\repository\org\hibernate\javax\persistence\hibernate-jpa-2.0-api\1.0.1.Final\hibernate-jpa-2.0-api-1.0.1.Final.jar;C:\Users\MarcosPereiradaCruz\.m2\repository\org\hibernate\hibernate-entitymanager\4.2.1.Final\hibernate-entitymanager-4.2.1.Fin
Launcher Type: SUN_STANDARD

Environment Variables:
JAVA_HOME=C:\Java\jdk1.8.0_151
PATH=C:/Java/jre1.8.0_151/bin/server;C:/Java/jre1.8.0_151/bin;C:/Java/jre1.8.0_151/lib/amd64;C:\ProgramData\Oracle\Java\javapath;C:\WINDOWS\system32;C:\WINDOWS;C:\WINDOWS\System32\Wbem;C:\WINDOWS\System32\WindowsPowerShell\v1.0\;C:\Program Files\TortoiseSVN\bin;C:\Program Files\Git\cmd;C:\apache-maven-3.5.3\bin;C:\nodejs\;C:\Python\Python36\Scripts\;C:\Python\Python36\;C:\Users\MarcosPereiradaCruz\AppData\Local\Microsoft\WindowsApps;C:\Users\MarcosPereiradaCruz\AppData\Roaming\npm;C:\Program Files\Microsoft VS Code\bin;C:\Users\MarcosPereiradaCruz\Desktop;
USERNAME=MarcosPereiradaCruz
OS=Windows_NT
PROCESSOR_IDENTIFIER=Intel64 Family 6 Model 142 Stepping 9, GenuineIntel



---------------  S Y S T E M  ---------------

OS: Windows 10.0 , 64 bit Build 16299 (10.0.16299.431)

CPU:total 4 (initial active 4) (2 cores per cpu, 2 threads per core) family 6 model 142 stepping 9, cmov, cx8, fxsr, mmx, sse, sse2, sse3, ssse3, sse4.1, sse4.2, popcnt, avx, avx2, aes, clmul, erms, rtm, 3dnowpref, lzcnt, ht, tsc, tscinvbit, bmi1, bmi2, adx

Memory: 4k page, physical 8223564k(676384k free), swap 33389388k(6364k free)

vm_info: Java HotSpot(TM) 64-Bit Server VM (25.151-b12) for windows-amd64 JRE (1.8.0_151-b12), built on Sep  5 2017 19:33:46 by "java_re" with MS VC++ 10.0 (VS2010)

time: Wed Jun 20 23:46:04 2018
elapsed time: 0 seconds (0d 0h 0m 0s)

