#
# A fatal error has been detected by the Java Runtime Environment:
#
#  Internal Error (javaCalls.cpp:51), pid=2640, tid=0x00000000000010f8
#  guarantee(thread->is_Java_thread()) failed: crucial check - the VM thread cannot and must not escape to Java code
#
# JRE version: Java(TM) SE Runtime Environment (8.0_181-b13) (build 1.8.0_181-b13)
# Java VM: Java HotSpot(TM) 64-Bit Server VM (25.181-b13 mixed mode windows-amd64 compressed oops)
# Failed to write core dump. Minidumps are not enabled by default on client versions of Windows
#
# If you would like to submit a bug report, please visit:
#   http://bugreport.java.com/bugreport/crash.jsp
#

---------------  T H R E A D  ---------------

Current thread (0x0000000017767800):  VMThread [stack: 0x0000000018800000,0x0000000018900000] [id=4344]

Stack: [0x0000000018800000,0x0000000018900000]
[error occurred during error reporting (printing stack bounds), id 0xc0000005]

Native frames: (J=compiled Java code, j=interpreted, Vv=VM code, C=native code)

VM_Operation (0x000000001ae2f930): GetOrSetLocal, mode: safepoint, requested by thread 0x00000000177ad800


---------------  P R O C E S S  ---------------

Java Threads: ( => current thread )
  0x000000001c569800 JavaThread "Prism Font Disposer" daemon [_thread_blocked, id=1396, stack(0x0000000029f40000,0x000000002a040000)]
  0x000000001c56a000 JavaThread "JavaFX-Launcher" [_thread_blocked, id=9236, stack(0x0000000029c40000,0x0000000029d40000)]
  0x00000000255e4800 JavaThread "MySQL Statement Cancellation Timer" daemon [_thread_blocked, id=5008, stack(0x0000000028580000,0x0000000028680000)]
  0x0000000025011800 JavaThread "Thread-2" daemon [_thread_in_native, id=2176, stack(0x0000000025be0000,0x0000000025ce0000)]
  0x000000001c60a000 JavaThread "JavaFX Application Thread" [_thread_blocked, id=15044, stack(0x000000001e110000,0x000000001e210000)]
  0x000000001c4c8000 JavaThread "Thread-1" daemon [_thread_blocked, id=16484, stack(0x000000001e010000,0x000000001e110000)]
  0x000000001c399800 JavaThread "QuantumRenderer-0" daemon [_thread_blocked, id=16464, stack(0x000000001d320000,0x000000001d420000)]
  0x000000001b3e6800 JavaThread "Service Thread" daemon [_thread_blocked, id=17308, stack(0x000000001bf30000,0x000000001c030000)]
  0x000000001b42d800 JavaThread "C1 CompilerThread2" daemon [_thread_blocked, id=10580, stack(0x000000001be30000,0x000000001bf30000)]
  0x000000001b42d000 JavaThread "C2 CompilerThread1" daemon [_thread_blocked, id=16268, stack(0x000000001bd30000,0x000000001be30000)]
  0x000000001b438800 JavaThread "C2 CompilerThread0" daemon [_thread_blocked, id=14244, stack(0x000000001bc30000,0x000000001bd30000)]
  0x00000000177bd800 JavaThread "JDWP Command Reader" daemon [_thread_in_native, id=15424, stack(0x000000001af30000,0x000000001b030000)]
  0x00000000177ba800 JavaThread "JDWP Event Helper Thread" daemon [_thread_blocked, id=17824, stack(0x000000001ae30000,0x000000001af30000)]
  0x00000000177ad800 JavaThread "JDWP Transport Listener: dt_socket" daemon [_thread_blocked, id=16444, stack(0x000000001ad30000,0x000000001ae30000)]
  0x00000000177a4800 JavaThread "Attach Listener" daemon [_thread_blocked, id=14720, stack(0x000000001a8f0000,0x000000001a9f0000)]
  0x00000000177a3000 JavaThread "Signal Dispatcher" daemon [_thread_blocked, id=1900, stack(0x000000001a7f0000,0x000000001a8f0000)]
  0x000000001778a000 JavaThread "Finalizer" daemon [_thread_blocked, id=12360, stack(0x0000000018a00000,0x0000000018b00000)]
  0x0000000017769000 JavaThread "Reference Handler" daemon [_thread_blocked, id=1604, stack(0x0000000018900000,0x0000000018a00000)]
  0x0000000002c04800 JavaThread "main" [_thread_blocked, id=18188, stack(0x0000000002950000,0x0000000002a50000)]

Other Threads:
=>0x0000000017767800 VMThread [stack: 0x0000000018800000,0x0000000018900000] [id=4344]
  0x000000001b3f9800 WatcherThread [stack: 0x000000001c030000,0x000000001c130000] [id=12080]

VM state:at safepoint (normal execution)

VM Mutex/Monitor currently owned by a thread:  ([mutex/lock_event])
[0x0000000002c01cd0] Threads_lock - owner thread: 0x0000000017767800

Heap:
 PSYoungGen      total 262656K, used 187584K [0x00000000d6300000, 0x00000000edc00000, 0x0000000100000000)
  eden space 250368K, 70% used [0x00000000d6300000,0x00000000e0e33038,0x00000000e5780000)
  from space 12288K, 99% used [0x00000000e5780000,0x00000000e637d060,0x00000000e6380000)
  to   space 21504K, 0% used [0x00000000ec700000,0x00000000ec700000,0x00000000edc00000)
 ParOldGen       total 82944K, used 50786K [0x0000000082800000, 0x0000000087900000, 0x00000000d6300000)
  object space 82944K, 61% used [0x0000000082800000,0x0000000085998a70,0x0000000087900000)
 Metaspace       used 42459K, capacity 44222K, committed 44288K, reserved 1087488K
  class space    used 5246K, capacity 5572K, committed 5632K, reserved 1048576K

Card table byte_map: [0x00000000120c0000,0x00000000124b0000] byte_map_base: 0x0000000011cac000

Marking Bits: (ParMarkBitMap*) 0x00000000563f2d00
 Begin Bits: [0x0000000012b50000, 0x0000000014ab0000)
 End Bits:   [0x0000000014ab0000, 0x0000000016a10000)

Polling page: 0x0000000002750000

CodeCache: size=245760Kb used=32957Kb max_used=33390Kb free=212802Kb
 bounds [0x0000000002d00000, 0x0000000004dc0000, 0x0000000011d00000]
 total_blobs=9060 nmethods=8195 adapters=783
 compilation: enabled

Compilation events (10 events):
Event: 321.973 Thread 0x000000001b438800 9665       4       java.util.regex.Matcher::getTextLength (10 bytes)
Event: 321.974 Thread 0x000000001b438800 nmethod 9665 0x0000000004d79a50 code [0x0000000004d79ba0, 0x0000000004d79c98]
Event: 321.983 Thread 0x000000001b42d000 9666       4       java.util.LinkedList::<init> (10 bytes)
Event: 321.983 Thread 0x000000001b42d000 nmethod 9666 0x000000000430ab10 code [0x000000000430ac40, 0x000000000430ac98]
Event: 321.988 Thread 0x000000001b438800 9667       4       java.util.StringTokenizer::countTokens (46 bytes)
Event: 321.993 Thread 0x000000001b438800 nmethod 9667 0x0000000004d066d0 code [0x0000000004d06840, 0x0000000004d06ca8]
Event: 321.995 Thread 0x000000001b42d000 9668       4       org.hibernate.persister.entity.SingleTableEntityPersister::getFilterAliasGenerator (13 bytes)
Event: 321.996 Thread 0x000000001b42d000 nmethod 9668 0x0000000004d07110 code [0x0000000004d07260, 0x0000000004d07358]
Event: 322.004 Thread 0x000000001b42d800 9669   !   3       org.hibernate.hql.internal.antlr.SqlGeneratorBase::distinctOrAll (173 bytes)
Event: 322.005 Thread 0x000000001b42d800 nmethod 9669 0x0000000004d14650 code [0x0000000004d14880, 0x0000000004d154f8]

GC Heap History (10 events):
Event: 19.006 GC heap before
{Heap before GC invocations=11 (full 1):
 PSYoungGen      total 129536K, used 129512K [0x00000000d6300000, 0x00000000e2780000, 0x0000000100000000)
  eden space 121856K, 100% used [0x00000000d6300000,0x00000000dda00000,0x00000000dda00000)
  from space 7680K, 99% used [0x00000000dda00000,0x00000000de17a050,0x00000000de180000)
  to   space 10752K, 0% used [0x00000000e1d00000,0x00000000e1d00000,0x00000000e2780000)
 ParOldGen       total 42496K, used 10973K [0x0000000082800000, 0x0000000085180000, 0x00000000d6300000)
  object space 42496K, 25% used [0x0000000082800000,0x00000000832b76f0,0x0000000085180000)
 Metaspace       used 34007K, capacity 34730K, committed 35072K, reserved 1079296K
  class space    used 4280K, capacity 4491K, committed 4608K, reserved 1048576K
Event: 19.035 GC heap after
Heap after GC invocations=11 (full 1):
 PSYoungGen      total 188416K, used 9910K [0x00000000d6300000, 0x00000000e2780000, 0x0000000100000000)
  eden space 177664K, 0% used [0x00000000d6300000,0x00000000d6300000,0x00000000e1080000)
  from space 10752K, 92% used [0x00000000e1d00000,0x00000000e26adaf0,0x00000000e2780000)
  to   space 11776K, 0% used [0x00000000e1080000,0x00000000e1080000,0x00000000e1c00000)
 ParOldGen       total 42496K, used 15390K [0x0000000082800000, 0x0000000085180000, 0x00000000d6300000)
  object space 42496K, 36% used [0x0000000082800000,0x00000000837079b8,0x0000000085180000)
 Metaspace       used 34007K, capacity 34730K, committed 35072K, reserved 1079296K
  class space    used 4280K, capacity 4491K, committed 4608K, reserved 1048576K
}
Event: 73.219 GC heap before
{Heap before GC invocations=12 (full 1):
 PSYoungGen      total 188416K, used 98077K [0x00000000d6300000, 0x00000000e2780000, 0x0000000100000000)
  eden space 177664K, 49% used [0x00000000d6300000,0x00000000db919918,0x00000000e1080000)
  from space 10752K, 92% used [0x00000000e1d00000,0x00000000e26adaf0,0x00000000e2780000)
  to   space 11776K, 0% used [0x00000000e1080000,0x00000000e1080000,0x00000000e1c00000)
 ParOldGen       total 42496K, used 15390K [0x0000000082800000, 0x0000000085180000, 0x00000000d6300000)
  object space 42496K, 36% used [0x0000000082800000,0x00000000837079b8,0x0000000085180000)
 Metaspace       used 34660K, capacity 35356K, committed 35496K, reserved 1081344K
  class space    used 4332K, capacity 4526K, committed 4608K, reserved 1048576K
Event: 73.236 GC heap after
Heap after GC invocations=12 (full 1):
 PSYoungGen      total 189440K, used 5568K [0x00000000d6300000, 0x00000000e7180000, 0x0000000100000000)
  eden space 177664K, 0% used [0x00000000d6300000,0x00000000d6300000,0x00000000e1080000)
  from space 11776K, 47% used [0x00000000e1080000,0x00000000e15f0040,0x00000000e1c00000)
  to   space 11776K, 0% used [0x00000000e6600000,0x00000000e6600000,0x00000000e7180000)
 ParOldGen       total 42496K, used 24724K [0x0000000082800000, 0x0000000085180000, 0x00000000d6300000)
  object space 42496K, 58% used [0x0000000082800000,0x0000000084025258,0x0000000085180000)
 Metaspace       used 34660K, capacity 35356K, committed 35496K, reserved 1081344K
  class space    used 4332K, capacity 4526K, committed 4608K, reserved 1048576K
}
Event: 73.236 GC heap before
{Heap before GC invocations=13 (full 2):
 PSYoungGen      total 189440K, used 5568K [0x00000000d6300000, 0x00000000e7180000, 0x0000000100000000)
  eden space 177664K, 0% used [0x00000000d6300000,0x00000000d6300000,0x00000000e1080000)
  from space 11776K, 47% used [0x00000000e1080000,0x00000000e15f0040,0x00000000e1c00000)
  to   space 11776K, 0% used [0x00000000e6600000,0x00000000e6600000,0x00000000e7180000)
 ParOldGen       total 42496K, used 24724K [0x0000000082800000, 0x0000000085180000, 0x00000000d6300000)
  object space 42496K, 58% used [0x0000000082800000,0x0000000084025258,0x0000000085180000)
 Metaspace       used 34660K, capacity 35356K, committed 35496K, reserved 1081344K
  class space    used 4332K, capacity 4526K, committed 4608K, reserved 1048576K
Event: 73.763 GC heap after
Heap after GC invocations=13 (full 2):
 PSYoungGen      total 189440K, used 0K [0x00000000d6300000, 0x00000000e7180000, 0x0000000100000000)
  eden space 177664K, 0% used [0x00000000d6300000,0x00000000d6300000,0x00000000e1080000)
  from space 11776K, 0% used [0x00000000e1080000,0x00000000e1080000,0x00000000e1c00000)
  to   space 11776K, 0% used [0x00000000e6600000,0x00000000e6600000,0x00000000e7180000)
 ParOldGen       total 82944K, used 29616K [0x0000000082800000, 0x0000000087900000, 0x00000000d6300000)
  object space 82944K, 35% used [0x0000000082800000,0x00000000844ec220,0x0000000087900000)
 Metaspace       used 34660K, capacity 35356K, committed 35496K, reserved 1081344K
  class space    used 4332K, capacity 4526K, committed 4608K, reserved 1048576K
}
Event: 88.094 GC heap before
{Heap before GC invocations=14 (full 2):
 PSYoungGen      total 189440K, used 177664K [0x00000000d6300000, 0x00000000e7180000, 0x0000000100000000)
  eden space 177664K, 100% used [0x00000000d6300000,0x00000000e1080000,0x00000000e1080000)
  from space 11776K, 0% used [0x00000000e1080000,0x00000000e1080000,0x00000000e1c00000)
  to   space 11776K, 0% used [0x00000000e6600000,0x00000000e6600000,0x00000000e7180000)
 ParOldGen       total 82944K, used 29616K [0x0000000082800000, 0x0000000087900000, 0x00000000d6300000)
  object space 82944K, 35% used [0x0000000082800000,0x00000000844ec220,0x0000000087900000)
 Metaspace       used 38313K, capacity 39352K, committed 39680K, reserved 1083392K
  class space    used 4733K, capacity 4996K, committed 5120K, reserved 1048576K
Event: 88.104 GC heap after
Heap after GC invocations=14 (full 2):
 PSYoungGen      total 260096K, used 9392K [0x00000000d6300000, 0x00000000e6f80000, 0x0000000100000000)
  eden space 250368K, 0% used [0x00000000d6300000,0x00000000d6300000,0x00000000e5780000)
  from space 9728K, 96% used [0x00000000e6600000,0x00000000e6f2c030,0x00000000e6f80000)
  to   space 12288K, 0% used [0x00000000e5780000,0x00000000e5780000,0x00000000e6380000)
 ParOldGen       total 82944K, used 29624K [0x0000000082800000, 0x0000000087900000, 0x00000000d6300000)
  object space 82944K, 35% used [0x0000000082800000,0x00000000844ee220,0x0000000087900000)
 Metaspace       used 38313K, capacity 39352K, committed 39680K, reserved 1083392K
  class space    used 4733K, capacity 4996K, committed 5120K, reserved 1048576K
}
Event: 113.249 GC heap before
{Heap before GC invocations=15 (full 2):
 PSYoungGen      total 260096K, used 259760K [0x00000000d6300000, 0x00000000e6f80000, 0x0000000100000000)
  eden space 250368K, 100% used [0x00000000d6300000,0x00000000e5780000,0x00000000e5780000)
  from space 9728K, 96% used [0x00000000e6600000,0x00000000e6f2c030,0x00000000e6f80000)
  to   space 12288K, 0% used [0x00000000e5780000,0x00000000e5780000,0x00000000e6380000)
 ParOldGen       total 82944K, used 29624K [0x0000000082800000, 0x0000000087900000, 0x00000000d6300000)
  object space 82944K, 35% used [0x0000000082800000,0x00000000844ee220,0x0000000087900000)
 Metaspace       used 42189K, capacity 44018K, committed 44288K, reserved 1087488K
  class space    used 5231K, capacity 5570K, committed 5632K, reserved 1048576K
Event: 113.278 GC heap after
Heap after GC invocations=15 (full 2):
 PSYoungGen      total 262656K, used 12276K [0x00000000d6300000, 0x00000000edc00000, 0x0000000100000000)
  eden space 250368K, 0% used [0x00000000d6300000,0x00000000d6300000,0x00000000e5780000)
  from space 12288K, 99% used [0x00000000e5780000,0x00000000e637d060,0x00000000e6380000)
  to   space 21504K, 0% used [0x00000000ec700000,0x00000000ec700000,0x00000000edc00000)
 ParOldGen       total 82944K, used 50786K [0x0000000082800000, 0x0000000087900000, 0x00000000d6300000)
  object space 82944K, 61% used [0x0000000082800000,0x0000000085998a70,0x0000000087900000)
 Metaspace       used 42189K, capacity 44018K, committed 44288K, reserved 1087488K
  class space    used 5231K, capacity 5570K, committed 5632K, reserved 1048576K
}

Deoptimization events (10 events):
Event: 322.008 Thread 0x000000001c60a000 Uncommon trap: reason=unhandled action=none pc=0x0000000003c44e14 method=java.net.URLClassLoader.findClass(Ljava/lang/String;)Ljava/lang/Class; @ 44
Event: 322.008 Thread 0x000000001c60a000 Uncommon trap: reason=unhandled action=none pc=0x0000000003c44e14 method=java.net.URLClassLoader.findClass(Ljava/lang/String;)Ljava/lang/Class; @ 44
Event: 322.008 Thread 0x000000001c60a000 Uncommon trap: reason=unhandled action=none pc=0x0000000003c44e14 method=java.net.URLClassLoader.findClass(Ljava/lang/String;)Ljava/lang/Class; @ 44
Event: 322.009 Thread 0x000000001c60a000 Uncommon trap: reason=unhandled action=none pc=0x0000000003c44e14 method=java.net.URLClassLoader.findClass(Ljava/lang/String;)Ljava/lang/Class; @ 44
Event: 322.009 Thread 0x000000001c60a000 Uncommon trap: reason=unhandled action=none pc=0x0000000003c44e14 method=java.net.URLClassLoader.findClass(Ljava/lang/String;)Ljava/lang/Class; @ 44
Event: 322.009 Thread 0x000000001c60a000 Uncommon trap: reason=unhandled action=none pc=0x0000000003c44e14 method=java.net.URLClassLoader.findClass(Ljava/lang/String;)Ljava/lang/Class; @ 44
Event: 322.009 Thread 0x000000001c60a000 Uncommon trap: reason=unhandled action=none pc=0x0000000003c44e14 method=java.net.URLClassLoader.findClass(Ljava/lang/String;)Ljava/lang/Class; @ 44
Event: 322.009 Thread 0x000000001c60a000 Uncommon trap: reason=unhandled action=none pc=0x0000000003c44e14 method=java.net.URLClassLoader.findClass(Ljava/lang/String;)Ljava/lang/Class; @ 44
Event: 322.009 Thread 0x000000001c60a000 Uncommon trap: reason=unhandled action=none pc=0x0000000003c44e14 method=java.net.URLClassLoader.findClass(Ljava/lang/String;)Ljava/lang/Class; @ 44
Event: 322.009 Thread 0x000000001c60a000 Uncommon trap: reason=unhandled action=none pc=0x0000000003c44e14 method=java.net.URLClassLoader.findClass(Ljava/lang/String;)Ljava/lang/Class; @ 44

Classes redefined (3 events):
Event: 150.380 Thread 0x0000000017767800 redefined class name=br.com.marcospcruz.gestorloja.controller.CaixaController, count=1
Event: 228.075 Thread 0x0000000017767800 redefined class name=br.com.marcospcruz.gestorloja.controller.CaixaController, count=2
Event: 257.208 Thread 0x0000000017767800 redefined class name=br.com.marcospcruz.gestorloja.model.MeioPagamento, count=1

Internal exceptions (10 events):
Event: 321.299 Thread 0x000000001c60a000 Exception <a 'java/lang/ArrayIndexOutOfBoundsException': 78> (0x00000000debf7e20) thrown at [C:\re\workspace\8-2-build-windows-amd64-cygwin\jdk8u181\11358\hotspot\src\share\vm\interpreter\interpreterRuntime.cpp, line 366]
Event: 321.300 Thread 0x000000001c60a000 Exception <a 'java/lang/ArrayIndexOutOfBoundsException': 79> (0x00000000debf96b0) thrown at [C:\re\workspace\8-2-build-windows-amd64-cygwin\jdk8u181\11358\hotspot\src\share\vm\interpreter\interpreterRuntime.cpp, line 366]
Event: 321.300 Thread 0x000000001c60a000 Exception <a 'java/lang/ArrayIndexOutOfBoundsException': 72> (0x00000000dec02c10) thrown at [C:\re\workspace\8-2-build-windows-amd64-cygwin\jdk8u181\11358\hotspot\src\share\vm\interpreter\interpreterRuntime.cpp, line 366]
Event: 321.300 Thread 0x000000001c60a000 Exception <a 'java/lang/ArrayIndexOutOfBoundsException': 71> (0x00000000dec04420) thrown at [C:\re\workspace\8-2-build-windows-amd64-cygwin\jdk8u181\11358\hotspot\src\share\vm\interpreter\interpreterRuntime.cpp, line 366]
Event: 321.300 Thread 0x000000001c60a000 Exception <a 'java/lang/ArrayIndexOutOfBoundsException': 75> (0x00000000dec0b900) thrown at [C:\re\workspace\8-2-build-windows-amd64-cygwin\jdk8u181\11358\hotspot\src\share\vm\interpreter\interpreterRuntime.cpp, line 366]
Event: 321.300 Thread 0x000000001c60a000 Exception <a 'java/lang/ArrayIndexOutOfBoundsException': 76> (0x00000000dec0d268) thrown at [C:\re\workspace\8-2-build-windows-amd64-cygwin\jdk8u181\11358\hotspot\src\share\vm\interpreter\interpreterRuntime.cpp, line 366]
Event: 321.300 Thread 0x000000001c60a000 Exception <a 'java/lang/ArrayIndexOutOfBoundsException': 70> (0x00000000dec14230) thrown at [C:\re\workspace\8-2-build-windows-amd64-cygwin\jdk8u181\11358\hotspot\src\share\vm\interpreter\interpreterRuntime.cpp, line 366]
Event: 321.300 Thread 0x000000001c60a000 Exception <a 'java/lang/ArrayIndexOutOfBoundsException': 69> (0x00000000dec15b30) thrown at [C:\re\workspace\8-2-build-windows-amd64-cygwin\jdk8u181\11358\hotspot\src\share\vm\interpreter\interpreterRuntime.cpp, line 366]
Event: 321.301 Thread 0x000000001c60a000 Exception <a 'java/lang/ArrayIndexOutOfBoundsException': 68> (0x00000000dec1c000) thrown at [C:\re\workspace\8-2-build-windows-amd64-cygwin\jdk8u181\11358\hotspot\src\share\vm\interpreter\interpreterRuntime.cpp, line 366]
Event: 321.301 Thread 0x000000001c60a000 Exception <a 'java/lang/ArrayIndexOutOfBoundsException': 67> (0x00000000dec1d8f8) thrown at [C:\re\workspace\8-2-build-windows-amd64-cygwin\jdk8u181\11358\hotspot\src\share\vm\interpreter\interpreterRuntime.cpp, line 366]

Events (10 events):
Event: 333.446 Executing VM operation: GetCurrentContendedMonitor done
Event: 333.447 Executing VM operation: GetOwnedMonitorInfo
Event: 333.447 Executing VM operation: GetOwnedMonitorInfo done
Event: 333.448 Executing VM operation: GetCurrentContendedMonitor
Event: 333.448 Executing VM operation: GetCurrentContendedMonitor done
Event: 333.450 Executing VM operation: GetCurrentContendedMonitor
Event: 333.450 Executing VM operation: GetCurrentContendedMonitor done
Event: 333.450 Executing VM operation: GetOwnedMonitorInfo
Event: 333.451 Executing VM operation: GetOwnedMonitorInfo done
Event: 333.514 Executing VM operation: GetOrSetLocal


Dynamic libraries:
0x00007ff691730000 - 0x00007ff691767000 	C:\Java\jre1.8.0_181\bin\javaw.exe
0x00007ffcd8520000 - 0x00007ffcd8701000 	C:\WINDOWS\SYSTEM32\ntdll.dll
0x00007ffcd7da0000 - 0x00007ffcd7e52000 	C:\WINDOWS\System32\KERNEL32.DLL
0x00007ffcd48f0000 - 0x00007ffcd4b63000 	C:\WINDOWS\System32\KERNELBASE.dll
0x00007ffcd5eb0000 - 0x00007ffcd5f51000 	C:\WINDOWS\System32\ADVAPI32.dll
0x00007ffcd80a0000 - 0x00007ffcd813e000 	C:\WINDOWS\System32\msvcrt.dll
0x00007ffcd5d20000 - 0x00007ffcd5d7b000 	C:\WINDOWS\System32\sechost.dll
0x00007ffcd5d80000 - 0x00007ffcd5ea4000 	C:\WINDOWS\System32\RPCRT4.dll
0x00007ffcd5fc0000 - 0x00007ffcd6150000 	C:\WINDOWS\System32\USER32.dll
0x00007ffcd56f0000 - 0x00007ffcd5710000 	C:\WINDOWS\System32\win32u.dll
0x00007ffcd7fc0000 - 0x00007ffcd7fe8000 	C:\WINDOWS\System32\GDI32.dll
0x00007ffcd5550000 - 0x00007ffcd56e2000 	C:\WINDOWS\System32\gdi32full.dll
0x00007ffcd4b70000 - 0x00007ffcd4c0f000 	C:\WINDOWS\System32\msvcp_win.dll
0x00007ffcd5320000 - 0x00007ffcd541a000 	C:\WINDOWS\System32\ucrtbase.dll
0x00007ffccbad0000 - 0x00007ffccbd39000 	C:\WINDOWS\WinSxS\amd64_microsoft.windows.common-controls_6595b64144ccf1df_6.0.17134.285_none_fb4297e330656775\COMCTL32.dll
0x00007ffcd7610000 - 0x00007ffcd7933000 	C:\WINDOWS\System32\combase.dll
0x00007ffcd54d0000 - 0x00007ffcd554a000 	C:\WINDOWS\System32\bcryptPrimitives.dll
0x00007ffcd5a10000 - 0x00007ffcd5a3d000 	C:\WINDOWS\System32\IMM32.DLL
0x00007ffcbbe70000 - 0x00007ffcbbf87000 	C:\Program Files\Diebold\Warsaw\wslbscr64.dll
0x00007ffcd36f0000 - 0x00007ffcd3721000 	C:\WINDOWS\SYSTEM32\ntmarta.dll
0x00007ffcc8500000 - 0x00007ffcc85f7000 	C:\Program Files\Diebold\Warsaw\wslbscrwh64.dll
0x0000000055920000 - 0x00000000559f2000 	C:\Java\jre1.8.0_181\bin\msvcr100.dll
0x0000000055bd0000 - 0x0000000056472000 	C:\Java\jre1.8.0_181\bin\server\jvm.dll
0x00007ffcd7600000 - 0x00007ffcd7608000 	C:\WINDOWS\System32\PSAPI.DLL
0x00007ffcc8360000 - 0x00007ffcc8369000 	C:\WINDOWS\SYSTEM32\WSOCK32.dll
0x00007ffcc8330000 - 0x00007ffcc8353000 	C:\WINDOWS\SYSTEM32\WINMM.dll
0x00007ffccbd50000 - 0x00007ffccbd5a000 	C:\WINDOWS\SYSTEM32\VERSION.dll
0x00007ffcd7590000 - 0x00007ffcd75fc000 	C:\WINDOWS\System32\WS2_32.dll
0x00007ffcc82e0000 - 0x00007ffcc830a000 	C:\WINDOWS\SYSTEM32\WINMMBASE.dll
0x00007ffcd5960000 - 0x00007ffcd59a9000 	C:\WINDOWS\System32\cfgmgr32.dll
0x0000000055ae0000 - 0x0000000055aef000 	C:\Java\jre1.8.0_181\bin\verify.dll
0x0000000055ab0000 - 0x0000000055ad9000 	C:\Java\jre1.8.0_181\bin\java.dll
0x00000000558e0000 - 0x0000000055915000 	C:\Java\jre1.8.0_181\bin\jdwp.dll
0x00000000558d0000 - 0x00000000558d8000 	C:\Java\jre1.8.0_181\bin\npt.dll
0x00000000558a0000 - 0x00000000558c3000 	C:\Java\jre1.8.0_181\bin\instrument.dll
0x0000000055a90000 - 0x0000000055aa6000 	C:\Java\jre1.8.0_181\bin\zip.dll
0x0000000018bf0000 - 0x000000001a030000 	C:\WINDOWS\System32\SHELL32.dll
0x000000001a030000 - 0x000000001a0d9000 	C:\WINDOWS\System32\shcore.dll
0x000000001a0e0000 - 0x000000001a7ed000 	C:\WINDOWS\System32\windows.storage.dll
0x00007ffcd8480000 - 0x00007ffcd84d1000 	C:\WINDOWS\System32\shlwapi.dll
0x00007ffcd48b0000 - 0x00007ffcd48c1000 	C:\WINDOWS\System32\kernel.appcore.dll
0x00007ffcd4830000 - 0x00007ffcd484f000 	C:\WINDOWS\System32\profapi.dll
0x00007ffcd4860000 - 0x00007ffcd48ac000 	C:\WINDOWS\System32\powrprof.dll
0x00007ffcd4850000 - 0x00007ffcd485a000 	C:\WINDOWS\System32\FLTLIB.DLL
0x0000000055890000 - 0x0000000055899000 	C:\Java\jre1.8.0_181\bin\dt_socket.dll
0x00007ffcbdf40000 - 0x00007ffcbdf56000 	C:\WINDOWS\system32\napinsp.dll
0x00007ffcbdf20000 - 0x00007ffcbdf3a000 	C:\WINDOWS\system32\pnrpnsp.dll
0x00007ffccfd10000 - 0x00007ffccfd29000 	C:\WINDOWS\system32\NLAapi.dll
0x00007ffcd40b0000 - 0x00007ffcd4116000 	C:\WINDOWS\System32\mswsock.dll
0x00007ffcd3e70000 - 0x00007ffcd3f2e000 	C:\WINDOWS\SYSTEM32\DNSAPI.dll
0x00007ffcd7940000 - 0x00007ffcd7948000 	C:\WINDOWS\System32\NSI.dll
0x00007ffcd3e30000 - 0x00007ffcd3e68000 	C:\WINDOWS\SYSTEM32\IPHLPAPI.DLL
0x00007ffcbdf10000 - 0x00007ffcbdf1e000 	C:\WINDOWS\System32\winrnr.dll
0x00007ffcbdef0000 - 0x00007ffcbdf05000 	C:\WINDOWS\System32\wshbth.dll
0x00007ffccc9f0000 - 0x00007ffccca62000 	C:\WINDOWS\System32\fwpuclnt.dll
0x00007ffcd4390000 - 0x00007ffcd43b5000 	C:\WINDOWS\SYSTEM32\bcrypt.dll
0x00007ffcccd20000 - 0x00007ffcccd2a000 	C:\Windows\System32\rasadhlp.dll
0x0000000002a90000 - 0x0000000002a93000 	C:\Java\jre1.8.0_181\bin\api-ms-win-core-console-l1-1-0.dll
0x0000000002aa0000 - 0x0000000002aa3000 	C:\Java\jre1.8.0_181\bin\api-ms-win-core-datetime-l1-1-0.dll
0x0000000002ab0000 - 0x0000000002ab3000 	C:\Java\jre1.8.0_181\bin\api-ms-win-core-debug-l1-1-0.dll
0x0000000002ac0000 - 0x0000000002ac3000 	C:\Java\jre1.8.0_181\bin\api-ms-win-core-errorhandling-l1-1-0.dll
0x0000000002ad0000 - 0x0000000002ad4000 	C:\Java\jre1.8.0_181\bin\api-ms-win-core-file-l1-1-0.dll
0x0000000002ae0000 - 0x0000000002ae3000 	C:\Java\jre1.8.0_181\bin\api-ms-win-core-file-l1-2-0.dll
0x000000001d100000 - 0x000000001d103000 	C:\Java\jre1.8.0_181\bin\api-ms-win-core-file-l2-1-0.dll
0x000000001d110000 - 0x000000001d113000 	C:\Java\jre1.8.0_181\bin\api-ms-win-core-handle-l1-1-0.dll
0x000000001d120000 - 0x000000001d123000 	C:\Java\jre1.8.0_181\bin\api-ms-win-core-heap-l1-1-0.dll
0x000000001d130000 - 0x000000001d133000 	C:\Java\jre1.8.0_181\bin\api-ms-win-core-interlocked-l1-1-0.dll
0x000000001d140000 - 0x000000001d143000 	C:\Java\jre1.8.0_181\bin\api-ms-win-core-libraryloader-l1-1-0.dll
0x000000001d150000 - 0x000000001d153000 	C:\Java\jre1.8.0_181\bin\api-ms-win-core-localization-l1-2-0.dll
0x000000001d160000 - 0x000000001d163000 	C:\Java\jre1.8.0_181\bin\api-ms-win-core-memory-l1-1-0.dll
0x000000001d170000 - 0x000000001d173000 	C:\Java\jre1.8.0_181\bin\api-ms-win-core-namedpipe-l1-1-0.dll
0x000000001d180000 - 0x000000001d183000 	C:\Java\jre1.8.0_181\bin\api-ms-win-core-processenvironment-l1-1-0.dll
0x000000001d190000 - 0x000000001d193000 	C:\Java\jre1.8.0_181\bin\api-ms-win-core-processthreads-l1-1-0.dll
0x000000001d1a0000 - 0x000000001d1a3000 	C:\Java\jre1.8.0_181\bin\api-ms-win-core-processthreads-l1-1-1.dll
0x000000001d1b0000 - 0x000000001d1b3000 	C:\Java\jre1.8.0_181\bin\api-ms-win-core-profile-l1-1-0.dll
0x000000001d1c0000 - 0x000000001d1c3000 	C:\Java\jre1.8.0_181\bin\api-ms-win-core-rtlsupport-l1-1-0.dll
0x000000001d1d0000 - 0x000000001d1d3000 	C:\Java\jre1.8.0_181\bin\api-ms-win-core-string-l1-1-0.dll
0x000000001d1e0000 - 0x000000001d1e3000 	C:\Java\jre1.8.0_181\bin\api-ms-win-core-synch-l1-1-0.dll
0x000000001d1f0000 - 0x000000001d1f3000 	C:\Java\jre1.8.0_181\bin\api-ms-win-core-synch-l1-2-0.dll
0x000000001d200000 - 0x000000001d203000 	C:\Java\jre1.8.0_181\bin\api-ms-win-core-sysinfo-l1-1-0.dll
0x000000001d210000 - 0x000000001d213000 	C:\Java\jre1.8.0_181\bin\api-ms-win-core-timezone-l1-1-0.dll
0x000000001d220000 - 0x000000001d223000 	C:\Java\jre1.8.0_181\bin\api-ms-win-core-util-l1-1-0.dll
0x000000001d230000 - 0x000000001d233000 	C:\Java\jre1.8.0_181\bin\api-ms-win-crt-conio-l1-1-0.dll
0x000000001d240000 - 0x000000001d244000 	C:\Java\jre1.8.0_181\bin\api-ms-win-crt-convert-l1-1-0.dll
0x000000001d250000 - 0x000000001d253000 	C:\Java\jre1.8.0_181\bin\api-ms-win-crt-environment-l1-1-0.dll
0x000000001d260000 - 0x000000001d263000 	C:\Java\jre1.8.0_181\bin\api-ms-win-crt-filesystem-l1-1-0.dll
0x000000001d270000 - 0x000000001d273000 	C:\Java\jre1.8.0_181\bin\api-ms-win-crt-heap-l1-1-0.dll
0x000000001d280000 - 0x000000001d283000 	C:\Java\jre1.8.0_181\bin\api-ms-win-crt-locale-l1-1-0.dll
0x000000001d290000 - 0x000000001d295000 	C:\Java\jre1.8.0_181\bin\api-ms-win-crt-math-l1-1-0.dll
0x000000001d2a0000 - 0x000000001d2a5000 	C:\Java\jre1.8.0_181\bin\api-ms-win-crt-multibyte-l1-1-0.dll
0x000000001d2b0000 - 0x000000001d2c0000 	C:\Java\jre1.8.0_181\bin\api-ms-win-crt-private-l1-1-0.dll
0x000000001d2c0000 - 0x000000001d2c3000 	C:\Java\jre1.8.0_181\bin\api-ms-win-crt-process-l1-1-0.dll
0x000000001d2d0000 - 0x000000001d2d4000 	C:\Java\jre1.8.0_181\bin\api-ms-win-crt-runtime-l1-1-0.dll
0x000000001d2e0000 - 0x000000001d2e4000 	C:\Java\jre1.8.0_181\bin\api-ms-win-crt-stdio-l1-1-0.dll
0x000000001d2f0000 - 0x000000001d2f4000 	C:\Java\jre1.8.0_181\bin\api-ms-win-crt-string-l1-1-0.dll
0x000000001d300000 - 0x000000001d303000 	C:\Java\jre1.8.0_181\bin\api-ms-win-crt-time-l1-1-0.dll
0x000000001d310000 - 0x000000001d313000 	C:\Java\jre1.8.0_181\bin\api-ms-win-crt-utility-l1-1-0.dll
0x00007ffcbe900000 - 0x00007ffcbe9f6000 	C:\Java\jre1.8.0_181\bin\ucrtbase.dll
0x00007ffccff40000 - 0x00007ffccff56000 	C:\Java\jre1.8.0_181\bin\vcruntime140.dll
0x00007ffcc0fe0000 - 0x00007ffcc107c000 	C:\Java\jre1.8.0_181\bin\msvcp140.dll
0x00007ffcce970000 - 0x00007ffcce9c1000 	C:\Java\jre1.8.0_181\bin\concrt140.dll
0x0000000055860000 - 0x0000000055883000 	C:\Java\jre1.8.0_181\bin\prism_d3d.dll
0x00007ffcc3a90000 - 0x00007ffcc3c27000 	C:\WINDOWS\system32\d3d9.dll
0x00007ffcd2d70000 - 0x00007ffcd2d99000 	C:\WINDOWS\SYSTEM32\dwmapi.dll
0x00007ffcd2ae0000 - 0x00007ffcd2b78000 	C:\WINDOWS\system32\uxtheme.dll
0x00007ffc837d0000 - 0x00007ffc87029000 	C:\WINDOWS\System32\DriverStore\FileRepository\ki123818.inf_amd64_b176bfe9663b1e4e\igdumdim64.dll
0x00007ffcd5ae0000 - 0x00007ffcd5ba2000 	C:\WINDOWS\System32\OLEAUT32.dll
0x00007ffcd7e60000 - 0x00007ffcd7fb1000 	C:\WINDOWS\System32\ole32.dll
0x00007ffcd7950000 - 0x00007ffcd7d9b000 	C:\WINDOWS\System32\SETUPAPI.dll
0x0000000055810000 - 0x0000000055859000 	C:\Java\jre1.8.0_181\bin\glass.dll
0x00007ffcd5c30000 - 0x00007ffcd5d1d000 	C:\WINDOWS\System32\COMDLG32.dll
0x00007ffcd8140000 - 0x00007ffcd82b5000 	C:\WINDOWS\System32\MSCTF.dll
0x00007ffcb7800000 - 0x00007ffcb8e02000 	C:\WINDOWS\System32\DriverStore\FileRepository\ki123818.inf_amd64_b176bfe9663b1e4e\igc64.dll
0x0000000055a70000 - 0x0000000055a8a000 	C:\Java\jre1.8.0_181\bin\net.dll
0x00007ffcd4260000 - 0x00007ffcd4277000 	C:\WINDOWS\SYSTEM32\CRYPTSP.dll
0x00007ffcd3a60000 - 0x00007ffcd3a93000 	C:\WINDOWS\system32\rsaenh.dll
0x00007ffcd4760000 - 0x00007ffcd4788000 	C:\WINDOWS\SYSTEM32\USERENV.dll
0x00007ffcd4280000 - 0x00007ffcd428b000 	C:\WINDOWS\SYSTEM32\CRYPTBASE.dll
0x00007ffccce70000 - 0x00007ffccce86000 	C:\WINDOWS\SYSTEM32\dhcpcsvc6.DLL
0x00007ffccd9b0000 - 0x00007ffccd9ca000 	C:\WINDOWS\SYSTEM32\dhcpcsvc.DLL
0x0000000055a50000 - 0x0000000055a61000 	C:\Java\jre1.8.0_181\bin\nio.dll
0x00000000557f0000 - 0x0000000055804000 	C:\Java\jre1.8.0_181\bin\javafx_font.dll
0x00007ffcb7020000 - 0x00007ffcb733c000 	C:\WINDOWS\SYSTEM32\dwrite.dll
0x00007ffcd5a40000 - 0x00007ffcd5ae0000 	C:\WINDOWS\System32\clbcatq.dll
0x00007ffcd2860000 - 0x00007ffcd2a0e000 	C:\WINDOWS\SYSTEM32\WindowsCodecs.dll
0x00007ffcaf250000 - 0x00007ffcaf2a8000 	C:\WINDOWS\system32\dataexchange.dll
0x00007ffcd0f30000 - 0x00007ffcd123b000 	C:\WINDOWS\system32\d3d11.dll
0x00007ffcd1810000 - 0x00007ffcd19ac000 	C:\WINDOWS\system32\dcomp.dll

VM Arguments:
jvm_args: -agentlib:jdwp=transport=dt_socket,suspend=y,address=localhost:61773 -javaagent:C:\Users\MarcosPereiradaCruz\eclipse\jee-photon\eclipse\configuration\org.eclipse.osgi\418\0\.cp\lib\javaagent-shaded.jar -Dfile.encoding=Cp1252 
java_command: br.com.marcospcruz.gestorloja.AppFx 1
java_class_path (initial): C:\Java\jre1.8.0_181\lib\resources.jar;C:\Java\jre1.8.0_181\lib\rt.jar;C:\Java\jre1.8.0_181\lib\jsse.jar;C:\Java\jre1.8.0_181\lib\jce.jar;C:\Java\jre1.8.0_181\lib\charsets.jar;C:\Java\jre1.8.0_181\lib\jfr.jar;C:\Java\jre1.8.0_181\lib\ext\access-bridge-64.jar;C:\Java\jre1.8.0_181\lib\ext\cldrdata.jar;C:\Java\jre1.8.0_181\lib\ext\dnsns.jar;C:\Java\jre1.8.0_181\lib\ext\jaccess.jar;C:\Java\jre1.8.0_181\lib\ext\jfxrt.jar;C:\Java\jre1.8.0_181\lib\ext\localedata.jar;C:\Java\jre1.8.0_181\lib\ext\nashorn.jar;C:\Java\jre1.8.0_181\lib\ext\sunec.jar;C:\Java\jre1.8.0_181\lib\ext\sunjce_provider.jar;C:\Java\jre1.8.0_181\lib\ext\sunmscapi.jar;C:\Java\jre1.8.0_181\lib\ext\sunpkcs11.jar;C:\Java\jre1.8.0_181\lib\ext\zipfs.jar;C:\Users\MarcosPereiradaCruz\eclipse-workspace\gestorloja\target\classes;C:\Users\MarcosPereiradaCruz\.m2\repository\org\jdatepicker\jdatepicker\1.3.4\jdatepicker-1.3.4.jar;C:\Users\MarcosPereiradaCruz\.m2\repository\org\xerial\sqlite-jdbc\3.23.1\sqlite-jdbc-3.23.1.jar;C:\Users\MarcosPereiradaCruz\.m2\repository\mysql\mysql-connector-java\5.1.6\mysql-connector-java-5.1.6.jar;C:\Users\MarcosPereiradaCruz\.m2\repository\org\hibernate\common\hibernate-commons-annotations\4.0.2.Final\hibernate-commons-annotations-4.0.2.Final.jar;C:\Users\MarcosPereiradaCruz\.m2\repository\org\jboss\logging\jboss-logging\3.1.0.GA\jboss-logging-3.1.0.GA.jar;C:\Users\MarcosPereiradaCruz\.m2\repository\org\hibernate\hibernate-core\4.2.19.Final\hibernate-core-4.2.19.Final.jar;C:\Users\MarcosPereiradaCruz\.m2\repository\antlr\antlr\2.7.7\antlr-2.7.7.jar;C:\Users\MarcosPereiradaCruz\.m2\repository\dom4j\dom4j\1.6.1\dom4j-1.6.1.jar;C:\Users\MarcosPereiradaCruz\.m2\repository\org\javassist\javassist\3.18.1-GA\javassist-3.18.1-GA.jar;C:\Users\MarcosPereiradaCruz\.m2\repository\org\jboss\spec\javax\transaction\jboss-transaction-api_1.1_spec\1.0.1.Final\jboss-transaction-api_1.1_spec-1.0.1.Final.jar;C:\Users\MarcosPereiradaCruz\.m2\repository\org\hibernate\javax\per
Launcher Type: SUN_STANDARD

Environment Variables:
JAVA_HOME=C:\Java\jdk1.8.0_181
PATH=C:/Java/jre1.8.0_181/bin/server;C:/Java/jre1.8.0_181/bin;C:/Java/jre1.8.0_181/lib/amd64;C:\Program Files (x86)\Common Files\Oracle\Java\javapath;C:\WINDOWS\system32;C:\WINDOWS;C:\WINDOWS\System32\Wbem;C:\WINDOWS\System32\WindowsPowerShell\v1.0\;C:\WINDOWS\System32\OpenSSH\;C:\Java\jdk1.8.0_181\bin;C:\Program Files\TortoiseSVN\bin;C:\Program Files\Git\cmd;C:\apache-maven-3.5.3\bin;C:\nodejs\;C:\Users\MarcosPereiradaCruz\AppData\Local\Microsoft\WindowsApps;C:\Users\MarcosPereiradaCruz\AppData\Roaming\npm;C:\Users\MarcosPereiradaCruz\Desktop;
USERNAME=MarcosPereiradaCruz
OS=Windows_NT
PROCESSOR_IDENTIFIER=Intel64 Family 6 Model 142 Stepping 9, GenuineIntel



---------------  S Y S T E M  ---------------

OS: Windows 10.0 , 64 bit Build 17134 (10.0.17134.1)

CPU:total 4 (initial active 4) (2 cores per cpu, 2 threads per core) family 6 model 142 stepping 9, cmov, cx8, fxsr, mmx, sse, sse2, sse3, ssse3, sse4.1, sse4.2, popcnt, avx, avx2, aes, clmul, erms, rtm, 3dnowpref, lzcnt, ht, tsc, tscinvbit, bmi1, bmi2, adx

Memory: 4k page, physical 8223564k(1288212k free), swap 17660748k(7951640k free)

vm_info: Java HotSpot(TM) 64-Bit Server VM (25.181-b13) for windows-amd64 JRE (1.8.0_181-b13), built on Jul  7 2018 04:01:33 by "java_re" with MS VC++ 10.0 (VS2010)

time: Thu Sep 20 20:00:35 2018
elapsed time: 333 seconds (0d 0h 5m 33s)

